{"C:\\Users\\raphael.santos\\Documents\\my-reminders\\app\\src\\App.jsx": {"path":"C:\\Users\\raphael.santos\\Documents\\my-reminders\\app\\src\\App.jsx","statementMap":{"0":{"start":{"line":10,"column":36},"end":{"line":10,"column":48}},"1":{"start":{"line":12,"column":22},"end":{"line":16,"column":3}},"2":{"start":{"line":13,"column":4},"end":{"line":15,"column":56}},"3":{"start":{"line":15,"column":8},"end":{"line":15,"column":53}},"4":{"start":{"line":18,"column":2},"end":{"line":31,"column":3}}},"fnMap":{"0":{"name":"App","decl":{"start":{"line":9,"column":9},"end":{"line":9,"column":12}},"loc":{"start":{"line":9,"column":15},"end":{"line":32,"column":1}},"line":9},"1":{"name":"(anonymous_1)","decl":{"start":{"line":12,"column":22},"end":{"line":12,"column":23}},"loc":{"start":{"line":12,"column":39},"end":{"line":16,"column":3}},"line":12},"2":{"name":"(anonymous_2)","decl":{"start":{"line":14,"column":12},"end":{"line":14,"column":13}},"loc":{"start":{"line":15,"column":8},"end":{"line":15,"column":53}},"line":15}},"branchMap":{},"s":{"0":1,"1":1,"2":0,"3":0,"4":1},"f":{"0":1,"1":0,"2":0},"b":{},"_coverageSchema":"1a1c01bbd47fc00a2c39e90264f33305004495a9","hash":"46e7f12ff74caa8a98358ed5e60d3b690a20ee17"}
,"C:\\Users\\raphael.santos\\Documents\\my-reminders\\app\\src\\components\\Reminder\\Reminder.jsx": {"path":"C:\\Users\\raphael.santos\\Documents\\my-reminders\\app\\src\\components\\Reminder\\Reminder.jsx","statementMap":{"0":{"start":{"line":7,"column":17},"end":{"line":73,"column":1}},"1":{"start":{"line":8,"column":26},"end":{"line":8,"column":38}},"2":{"start":{"line":9,"column":26},"end":{"line":9,"column":38}},"3":{"start":{"line":11,"column":23},"end":{"line":17,"column":3}},"4":{"start":{"line":12,"column":4},"end":{"line":15,"column":5}},"5":{"start":{"line":13,"column":6},"end":{"line":13,"column":48}},"6":{"start":{"line":14,"column":6},"end":{"line":14,"column":19}},"7":{"start":{"line":16,"column":4},"end":{"line":16,"column":16}},"8":{"start":{"line":19,"column":25},"end":{"line":45,"column":3}},"9":{"start":{"line":20,"column":4},"end":{"line":22,"column":5}},"10":{"start":{"line":21,"column":6},"end":{"line":21,"column":13}},"11":{"start":{"line":24,"column":4},"end":{"line":44,"column":5}},"12":{"start":{"line":25,"column":21},"end":{"line":25,"column":42}},"13":{"start":{"line":26,"column":6},"end":{"line":26,"column":34}},"14":{"start":{"line":27,"column":6},"end":{"line":27,"column":34}},"15":{"start":{"line":29,"column":6},"end":{"line":39,"column":8}},"16":{"start":{"line":38,"column":8},"end":{"line":38,"column":28}},"17":{"start":{"line":41,"column":6},"end":{"line":41,"column":39}},"18":{"start":{"line":43,"column":6},"end":{"line":43,"column":39}},"19":{"start":{"line":47,"column":2},"end":{"line":72,"column":4}},"20":{"start":{"line":56,"column":29},"end":{"line":56,"column":52}},"21":{"start":{"line":65,"column":29},"end":{"line":65,"column":52}}},"fnMap":{"0":{"name":"(anonymous_0)","decl":{"start":{"line":7,"column":17},"end":{"line":7,"column":18}},"loc":{"start":{"line":7,"column":32},"end":{"line":73,"column":1}},"line":7},"1":{"name":"(anonymous_1)","decl":{"start":{"line":11,"column":23},"end":{"line":11,"column":24}},"loc":{"start":{"line":11,"column":29},"end":{"line":17,"column":3}},"line":11},"2":{"name":"(anonymous_2)","decl":{"start":{"line":19,"column":25},"end":{"line":19,"column":26}},"loc":{"start":{"line":19,"column":37},"end":{"line":45,"column":3}},"line":19},"3":{"name":"(anonymous_3)","decl":{"start":{"line":37,"column":13},"end":{"line":37,"column":14}},"loc":{"start":{"line":37,"column":25},"end":{"line":39,"column":7}},"line":37},"4":{"name":"(anonymous_4)","decl":{"start":{"line":56,"column":22},"end":{"line":56,"column":23}},"loc":{"start":{"line":56,"column":29},"end":{"line":56,"column":52}},"line":56},"5":{"name":"(anonymous_5)","decl":{"start":{"line":65,"column":22},"end":{"line":65,"column":23}},"loc":{"start":{"line":65,"column":29},"end":{"line":65,"column":52}},"line":65}},"branchMap":{"0":{"loc":{"start":{"line":12,"column":4},"end":{"line":15,"column":5}},"type":"if","locations":[{"start":{"line":12,"column":4},"end":{"line":15,"column":5}},{"start":{},"end":{}}],"line":12},"1":{"loc":{"start":{"line":12,"column":8},"end":{"line":12,"column":48}},"type":"binary-expr","locations":[{"start":{"line":12,"column":8},"end":{"line":12,"column":26}},{"start":{"line":12,"column":30},"end":{"line":12,"column":48}}],"line":12},"2":{"loc":{"start":{"line":20,"column":4},"end":{"line":22,"column":5}},"type":"if","locations":[{"start":{"line":20,"column":4},"end":{"line":22,"column":5}},{"start":{},"end":{}}],"line":20}},"s":{"0":2,"1":5,"2":5,"3":5,"4":1,"5":1,"6":1,"7":0,"8":5,"9":1,"10":1,"11":0,"12":0,"13":0,"14":0,"15":0,"16":0,"17":0,"18":0,"19":5,"20":2,"21":0},"f":{"0":5,"1":1,"2":1,"3":0,"4":2,"5":0},"b":{"0":[1,0],"1":[1,1],"2":[1,0]},"_coverageSchema":"1a1c01bbd47fc00a2c39e90264f33305004495a9","hash":"ebbb7d26bac42ae2a931c5561519033b3ef4158a"}
,"C:\\Users\\raphael.santos\\Documents\\my-reminders\\app\\src\\components\\ReminderList\\ReminderList.jsx": {"path":"C:\\Users\\raphael.santos\\Documents\\my-reminders\\app\\src\\components\\ReminderList\\ReminderList.jsx","statementMap":{"0":{"start":{"line":9,"column":21},"end":{"line":95,"column":1}},"1":{"start":{"line":10,"column":36},"end":{"line":10,"column":48}},"2":{"start":{"line":11,"column":32},"end":{"line":11,"column":47}},"3":{"start":{"line":13,"column":2},"end":{"line":24,"column":37}},"4":{"start":{"line":14,"column":27},"end":{"line":21,"column":5}},"5":{"start":{"line":15,"column":6},"end":{"line":15,"column":23}},"6":{"start":{"line":16,"column":23},"end":{"line":18,"column":7}},"7":{"start":{"line":19,"column":6},"end":{"line":19,"column":34}},"8":{"start":{"line":20,"column":6},"end":{"line":20,"column":24}},"9":{"start":{"line":23,"column":4},"end":{"line":23,"column":21}},"10":{"start":{"line":26,"column":25},"end":{"line":38,"column":3}},"11":{"start":{"line":27,"column":4},"end":{"line":37,"column":5}},"12":{"start":{"line":28,"column":6},"end":{"line":32,"column":8}},"13":{"start":{"line":31,"column":8},"end":{"line":31,"column":28}},"14":{"start":{"line":33,"column":31},"end":{"line":33,"column":79}},"15":{"start":{"line":33,"column":60},"end":{"line":33,"column":78}},"16":{"start":{"line":34,"column":6},"end":{"line":34,"column":37}},"17":{"start":{"line":36,"column":6},"end":{"line":36,"column":48}},"18":{"start":{"line":40,"column":21},"end":{"line":47,"column":3}},"19":{"start":{"line":41,"column":26},"end":{"line":45,"column":6}},"20":{"start":{"line":46,"column":4},"end":{"line":46,"column":25}},"21":{"start":{"line":49,"column":2},"end":{"line":94,"column":4}},"22":{"start":{"line":59,"column":22},"end":{"line":59,"column":26}},"23":{"start":{"line":60,"column":10},"end":{"line":65,"column":11}},"24":{"start":{"line":60,"column":23},"end":{"line":60,"column":32}},"25":{"start":{"line":61,"column":12},"end":{"line":64,"column":13}},"26":{"start":{"line":62,"column":14},"end":{"line":62,"column":28}},"27":{"start":{"line":63,"column":14},"end":{"line":63,"column":20}},"28":{"start":{"line":67,"column":10},"end":{"line":90,"column":12}},"29":{"start":{"line":84,"column":37},"end":{"line":84,"column":64}}},"fnMap":{"0":{"name":"(anonymous_0)","decl":{"start":{"line":9,"column":21},"end":{"line":9,"column":22}},"loc":{"start":{"line":9,"column":59},"end":{"line":95,"column":1}},"line":9},"1":{"name":"(anonymous_1)","decl":{"start":{"line":13,"column":12},"end":{"line":13,"column":13}},"loc":{"start":{"line":13,"column":18},"end":{"line":24,"column":3}},"line":13},"2":{"name":"(anonymous_2)","decl":{"start":{"line":14,"column":27},"end":{"line":14,"column":28}},"loc":{"start":{"line":14,"column":39},"end":{"line":21,"column":5}},"line":14},"3":{"name":"(anonymous_3)","decl":{"start":{"line":26,"column":25},"end":{"line":26,"column":26}},"loc":{"start":{"line":26,"column":39},"end":{"line":38,"column":3}},"line":26},"4":{"name":"(anonymous_4)","decl":{"start":{"line":30,"column":13},"end":{"line":30,"column":14}},"loc":{"start":{"line":30,"column":25},"end":{"line":32,"column":7}},"line":30},"5":{"name":"(anonymous_5)","decl":{"start":{"line":33,"column":48},"end":{"line":33,"column":49}},"loc":{"start":{"line":33,"column":60},"end":{"line":33,"column":78}},"line":33},"6":{"name":"(anonymous_6)","decl":{"start":{"line":40,"column":21},"end":{"line":40,"column":22}},"loc":{"start":{"line":40,"column":31},"end":{"line":47,"column":3}},"line":40},"7":{"name":"(anonymous_7)","decl":{"start":{"line":58,"column":22},"end":{"line":58,"column":23}},"loc":{"start":{"line":58,"column":43},"end":{"line":91,"column":9}},"line":58},"8":{"name":"(anonymous_8)","decl":{"start":{"line":84,"column":31},"end":{"line":84,"column":32}},"loc":{"start":{"line":84,"column":37},"end":{"line":84,"column":64}},"line":84}},"branchMap":{"0":{"loc":{"start":{"line":52,"column":7},"end":{"line":92,"column":7}},"type":"cond-expr","locations":[{"start":{"line":53,"column":8},"end":{"line":56,"column":14}},{"start":{"line":58,"column":8},"end":{"line":91,"column":10}}],"line":52},"1":{"loc":{"start":{"line":61,"column":12},"end":{"line":64,"column":13}},"type":"if","locations":[{"start":{"line":61,"column":12},"end":{"line":64,"column":13}},{"start":{},"end":{}}],"line":61},"2":{"loc":{"start":{"line":70,"column":16},"end":{"line":74,"column":21}},"type":"binary-expr","locations":[{"start":{"line":70,"column":16},"end":{"line":70,"column":21}},{"start":{"line":72,"column":16},"end":{"line":74,"column":21}}],"line":70}},"s":{"0":2,"1":11,"2":11,"3":11,"4":4,"5":4,"6":4,"7":3,"8":2,"9":4,"10":11,"11":1,"12":1,"13":1,"14":1,"15":1,"16":1,"17":0,"18":11,"19":2,"20":2,"21":11,"22":2,"23":2,"24":2,"25":0,"26":0,"27":0,"28":2,"29":1},"f":{"0":11,"1":4,"2":4,"3":1,"4":1,"5":1,"6":2,"7":2,"8":1},"b":{"0":[4,7],"1":[0,0],"2":[2,2]},"_coverageSchema":"1a1c01bbd47fc00a2c39e90264f33305004495a9","hash":"552ab01b58ee72f5aa072ea186155ae5d28a8cc6"}
}
