TN:
SF:src\App.jsx
FN:9,App
FN:12,(anonymous_1)
FN:14,(anonymous_2)
FNF:3
FNH:1
FNDA:1,App
FNDA:0,(anonymous_1)
FNDA:0,(anonymous_2)
DA:10,1
DA:12,1
DA:13,0
DA:15,0
DA:18,1
LF:5
LH:3
BRF:0
BRH:0
end_of_record
TN:
SF:src\components\Reminder\Reminder.jsx
FN:7,(anonymous_0)
FN:11,(anonymous_1)
FN:19,(anonymous_2)
FN:37,(anonymous_3)
FN:56,(anonymous_4)
FN:65,(anonymous_5)
FNF:6
FNH:4
FNDA:5,(anonymous_0)
FNDA:1,(anonymous_1)
FNDA:1,(anonymous_2)
FNDA:0,(anonymous_3)
FNDA:2,(anonymous_4)
FNDA:0,(anonymous_5)
DA:7,2
DA:8,5
DA:9,5
DA:11,5
DA:12,1
DA:13,1
DA:14,1
DA:16,0
DA:19,5
DA:20,1
DA:21,1
DA:24,0
DA:25,0
DA:26,0
DA:27,0
DA:29,0
DA:38,0
DA:41,0
DA:43,0
DA:47,5
DA:56,2
DA:65,0
LF:22
LH:12
BRDA:12,0,0,1
BRDA:12,0,1,0
BRDA:12,1,0,1
BRDA:12,1,1,1
BRDA:20,2,0,1
BRDA:20,2,1,0
BRF:6
BRH:4
end_of_record
TN:
SF:src\components\ReminderList\ReminderList.jsx
FN:9,(anonymous_0)
FN:13,(anonymous_1)
FN:14,(anonymous_2)
FN:26,(anonymous_3)
FN:30,(anonymous_4)
FN:33,(anonymous_5)
FN:40,(anonymous_6)
FN:58,(anonymous_7)
FN:84,(anonymous_8)
FNF:9
FNH:9
FNDA:11,(anonymous_0)
FNDA:4,(anonymous_1)
FNDA:4,(anonymous_2)
FNDA:1,(anonymous_3)
FNDA:1,(anonymous_4)
FNDA:1,(anonymous_5)
FNDA:2,(anonymous_6)
FNDA:2,(anonymous_7)
FNDA:1,(anonymous_8)
DA:9,2
DA:10,11
DA:11,11
DA:13,11
DA:14,4
DA:15,4
DA:16,4
DA:19,3
DA:20,2
DA:23,4
DA:26,11
DA:27,1
DA:28,1
DA:31,1
DA:33,1
DA:34,1
DA:36,0
DA:40,11
DA:41,2
DA:46,2
DA:49,11
DA:59,2
DA:60,2
DA:61,0
DA:62,0
DA:63,0
DA:67,2
DA:84,1
LF:28
LH:24
BRDA:52,0,0,4
BRDA:52,0,1,7
BRDA:61,1,0,0
BRDA:61,1,1,0
BRDA:70,2,0,2
BRDA:70,2,1,2
BRF:6
BRH:4
end_of_record
